<?xml version="1.0" encoding="UTF-8" ?>
<testsuite tests="13" failures="0" name="MoneyTest" time="0.01" errors="0" skipped="0">
  <properties>
[...]
</properties>
  <testcase classname="MoneyTest" name="creationTest" time="0.006"/>
  <testcase classname="MoneyTest" name="additionTest" time="0.002"/>
  <testcase classname="MoneyTest" name="ofTest" time="0"/>
  <testcase classname="MoneyTest" name="ofMinorTest" time="0"/>
  <testcase classname="MoneyTest" name="factoryTestUsingDouble" time="0"/>
  <testcase classname="MoneyTest" name="factoryTestUsingParse" time="0"/>
  <testcase classname="MoneyTest" name="cleanString" time="0"/>
  <testcase classname="MoneyTest" name="dollarAdditionTest" time="0"/>
  <testcase classname="MoneyTest" name="dollarSubractionTest" time="0"/>
  <testcase classname="MoneyTest" name="dollarMultipicationTest" time="0.002"/>
  <testcase classname="MoneyTest" name="dollarMultipicationByFractionTest" time="0"/>
  <testcase classname="MoneyTest" name="equalsTest" time="0"/>
  <testcase classname="MoneyTest" name="greaterThanTest" time="0"/>
</testsuite>